This file contains any messages produced by compilers while
running configure, to aid debugging if configure makes a mistake.

It was created by LinuxKeyLogger configure 0.0.4, which was
generated by GNU Autoconf 2.53.  Invocation command line was

  $ ./configure 

## --------- ##
## Platform. ##
## --------- ##

hostname = debian
uname -m = i686
uname -r = 2.6.8-2-k7
uname -s = Linux
uname -v = #1 Thu May 19 18:03:29 JST 2005

/usr/bin/uname -p = unknown
/bin/uname -X     = unknown

/bin/arch              = i686
/usr/bin/arch -k       = unknown
/usr/convex/getsysinfo = unknown
hostinfo               = unknown
/bin/machine           = unknown
/usr/bin/oslevel       = unknown
/bin/universe          = unknown

PATH: /usr/local/bin
PATH: /usr/bin
PATH: /bin
PATH: /usr/bin/X11
PATH: /usr/games


## ----------- ##
## Core tests. ##
## ----------- ##

configure:1246: checking for a BSD-compatible install
configure:1300: result: /usr/bin/install -c
configure:1311: checking whether build environment is sane
configure:1354: result: yes
configure:1388: checking for gawk
configure:1417: result: no
configure:1388: checking for mawk
configure:1404: found /usr/bin/mawk
configure:1414: result: mawk
configure:1424: checking whether make sets ${MAKE}
configure:1444: result: yes
configure:1594: checking for gcc
configure:1610: found /usr/bin/gcc
configure:1620: result: gcc
configure:1864: checking for C compiler version
configure:1867: gcc --version </dev/null >&5
gcc (GCC) 4.0.1 (Debian 4.0.1-2)
Copyright (C) 2005 Free Software Foundation, Inc.
This is free software; see the source for copying conditions.  There is NO
warranty; not even for MERCHANTABILITY or FITNESS FOR A PARTICULAR PURPOSE.

configure:1870: $? = 0
configure:1872: gcc -v </dev/null >&5
Using built-in specs.
Target: i486-linux-gnu
Configured with: ../src/configure -v --enable-languages=c,c++,java,f95,objc,ada,treelang --prefix=/usr --enable-shared --with-system-zlib --libexecdir=/usr/lib --enable-nls --without-included-gettext --enable-threads=posix --program-suffix=-4.0 --enable-__cxa_atexit --enable-libstdcxx-allocator=mt --enable-clocale=gnu --enable-libstdcxx-debug --enable-java-gc=boehm --enable-java-awt=gtk --with-java-home=/usr/lib/jvm/java-1.4.2-gcj-4.0-1.4.2.0/jre --enable-mpfr --disable-werror --enable-checking=release i486-linux-gnu
Thread model: posix
gcc version 4.0.1 (Debian 4.0.1-2)
configure:1875: $? = 0
configure:1877: gcc -V </dev/null >&5
gcc: '-V' option must have argument
configure:1880: $? = 1
configure:1906: checking for C compiler default output
configure:1909: gcc    conftest.c  >&5
configure:1912: $? = 0
configure:1945: result: a.out
configure:1950: checking whether the C compiler works
configure:1956: ./a.out
configure:1959: $? = 0
configure:1974: result: yes
configure:1981: checking whether we are cross compiling
configure:1983: result: no
configure:1986: checking for suffix of executables
configure:1988: gcc -o conftest    conftest.c  >&5
configure:1991: $? = 0
configure:2013: result: 
configure:2019: checking for suffix of object files
configure:2043: gcc -c   conftest.c >&5
configure:2046: $? = 0
configure:2065: result: o
configure:2069: checking whether we are using the GNU C compiler
configure:2096: gcc -c   conftest.c >&5
configure:2099: $? = 0
configure:2102: test -s conftest.o
configure:2105: $? = 0
configure:2117: result: yes
configure:2123: checking whether gcc accepts -g
configure:2147: gcc -c -g  conftest.c >&5
configure:2150: $? = 0
configure:2153: test -s conftest.o
configure:2156: $? = 0
configure:2166: result: yes
configure:2193: gcc -c -g -O2  conftest.c >&5
conftest.c:2: error: syntax error before 'me'
configure:2196: $? = 1
configure: failed program was:
#ifndef __cplusplus
  choke me
#endif
configure:2314: checking for style of include used by make
configure:2342: result: GNU
configure:2349: checking dependency style of gcc
configure:2411: result: gcc3
configure:2427: checking how to run the C preprocessor
configure:2453: gcc -E  conftest.c
configure:2459: $? = 0
configure:2486: gcc -E  conftest.c
configure:2482:28: error: ac_nonexistent.h: No such file or directory
configure:2492: $? = 1
configure: failed program was:
#line 2481 "configure"
#include "confdefs.h"
#include <ac_nonexistent.h>
configure:2529: result: gcc -E
configure:2544: gcc -E  conftest.c
configure:2550: $? = 0
configure:2577: gcc -E  conftest.c
configure:2573:28: error: ac_nonexistent.h: No such file or directory
configure:2583: $? = 1
configure: failed program was:
#line 2572 "configure"
#include "confdefs.h"
#include <ac_nonexistent.h>
configure:2623: checking for ANSI C header files
configure:2637: gcc -E  conftest.c
configure:2643: $? = 0
configure:2730: gcc -o conftest -s -O3   conftest.c  >&5
configure: In function 'main':
configure:2721: warning: incompatible implicit declaration of built-in function 'exit'
configure:2733: $? = 0
configure:2735: ./conftest
configure:2738: $? = 0
configure:2752: result: yes
configure:2776: checking for sys/types.h
configure:2789: gcc -c -s -O3  conftest.c >&5
configure:2792: $? = 0
configure:2795: test -s conftest.o
configure:2798: $? = 0
configure:2808: result: yes
configure:2776: checking for sys/stat.h
configure:2789: gcc -c -s -O3  conftest.c >&5
configure:2792: $? = 0
configure:2795: test -s conftest.o
configure:2798: $? = 0
configure:2808: result: yes
configure:2776: checking for stdlib.h
configure:2789: gcc -c -s -O3  conftest.c >&5
configure:2792: $? = 0
configure:2795: test -s conftest.o
configure:2798: $? = 0
configure:2808: result: yes
configure:2776: checking for string.h
configure:2789: gcc -c -s -O3  conftest.c >&5
configure:2792: $? = 0
configure:2795: test -s conftest.o
configure:2798: $? = 0
configure:2808: result: yes
configure:2776: checking for memory.h
configure:2789: gcc -c -s -O3  conftest.c >&5
configure:2792: $? = 0
configure:2795: test -s conftest.o
configure:2798: $? = 0
configure:2808: result: yes
configure:2776: checking for strings.h
configure:2789: gcc -c -s -O3  conftest.c >&5
configure:2792: $? = 0
configure:2795: test -s conftest.o
configure:2798: $? = 0
configure:2808: result: yes
configure:2776: checking for inttypes.h
configure:2789: gcc -c -s -O3  conftest.c >&5
configure:2792: $? = 0
configure:2795: test -s conftest.o
configure:2798: $? = 0
configure:2808: result: yes
configure:2776: checking for stdint.h
configure:2789: gcc -c -s -O3  conftest.c >&5
configure:2792: $? = 0
configure:2795: test -s conftest.o
configure:2798: $? = 0
configure:2808: result: yes
configure:2776: checking for unistd.h
configure:2789: gcc -c -s -O3  conftest.c >&5
configure:2792: $? = 0
configure:2795: test -s conftest.o
configure:2798: $? = 0
configure:2808: result: yes
configure:2836: checking string.h, usability
configure:2845: gcc -c -s -O3  conftest.c >&5
configure:2873:21: error: string.h,: No such file or directory
configure:2848: $? = 1
configure: failed program was:
#line 2838 "configure"
#include "confdefs.h"
#include <stdio.h>
#if HAVE_SYS_TYPES_H
# include <sys/types.h>
#endif
#if HAVE_SYS_STAT_H
# include <sys/stat.h>
#endif
#if STDC_HEADERS
# include <stdlib.h>
# include <stddef.h>
#else
# if HAVE_STDLIB_H
#  include <stdlib.h>
# endif
#endif
#if HAVE_STRING_H
# if !STDC_HEADERS && HAVE_MEMORY_H
#  include <memory.h>
# endif
# include <string.h>
#endif
#if HAVE_STRINGS_H
# include <strings.h>
#endif
#if HAVE_INTTYPES_H
# include <inttypes.h>
#else
# if HAVE_STDINT_H
#  include <stdint.h>
# endif
#endif
#if HAVE_UNISTD_H
# include <unistd.h>
#endif
#include <string.h,>
configure:2863: result: no
configure:2867: checking string.h, presence
configure:2874: gcc -E  conftest.c
configure:2870:21: error: string.h,: No such file or directory
configure:2880: $? = 1
configure: failed program was:
#line 2869 "configure"
#include "confdefs.h"
#include <string.h,>
configure:2898: result: no
configure:2916: checking for string.h,
configure:2923: result: no
configure:2836: checking stdio.h, usability
configure:2845: gcc -c -s -O3  conftest.c >&5
configure:2873:20: error: stdio.h,: No such file or directory
configure:2848: $? = 1
configure: failed program was:
#line 2838 "configure"
#include "confdefs.h"
#include <stdio.h>
#if HAVE_SYS_TYPES_H
# include <sys/types.h>
#endif
#if HAVE_SYS_STAT_H
# include <sys/stat.h>
#endif
#if STDC_HEADERS
# include <stdlib.h>
# include <stddef.h>
#else
# if HAVE_STDLIB_H
#  include <stdlib.h>
# endif
#endif
#if HAVE_STRING_H
# if !STDC_HEADERS && HAVE_MEMORY_H
#  include <memory.h>
# endif
# include <string.h>
#endif
#if HAVE_STRINGS_H
# include <strings.h>
#endif
#if HAVE_INTTYPES_H
# include <inttypes.h>
#else
# if HAVE_STDINT_H
#  include <stdint.h>
# endif
#endif
#if HAVE_UNISTD_H
# include <unistd.h>
#endif
#include <stdio.h,>
configure:2863: result: no
configure:2867: checking stdio.h, presence
configure:2874: gcc -E  conftest.c
configure:2870:20: error: stdio.h,: No such file or directory
configure:2880: $? = 1
configure: failed program was:
#line 2869 "configure"
#include "confdefs.h"
#include <stdio.h,>
configure:2898: result: no
configure:2916: checking for stdio.h,
configure:2923: result: no
configure:2836: checking sys/io.h usability
configure:2845: gcc -c -s -O3  conftest.c >&5
configure:2848: $? = 0
configure:2851: test -s conftest.o
configure:2854: $? = 0
configure:2863: result: yes
configure:2867: checking sys/io.h presence
configure:2874: gcc -E  conftest.c
configure:2880: $? = 0
configure:2898: result: yes
configure:2916: checking for sys/io.h
configure:2923: result: yes
configure:3023: creating ./config.status

## ---------------------- ##
## Running config.status. ##
## ---------------------- ##

This file was extended by LinuxKeyLogger config.status 0.0.4, which was
generated by GNU Autoconf 2.53.  Invocation command line was

  CONFIG_FILES    = 
  CONFIG_HEADERS  = 
  CONFIG_LINKS    = 
  CONFIG_COMMANDS = 
  $ ./config.status 

on debian

config.status:598: creating Makefile
config.status:702: creating config.h
config.status:809: config.h is unchanged
config.status:910: executing default-1 commands

## ---------------- ##
## Cache variables. ##
## ---------------- ##

ac_cv_c_compiler_gnu=yes
ac_cv_env_CC_set=
ac_cv_env_CC_value=
ac_cv_env_CFLAGS_set=
ac_cv_env_CFLAGS_value=
ac_cv_env_CPPFLAGS_set=
ac_cv_env_CPPFLAGS_value=
ac_cv_env_CPP_set=
ac_cv_env_CPP_value=
ac_cv_env_LDFLAGS_set=
ac_cv_env_LDFLAGS_value=
ac_cv_env_build_alias_set=
ac_cv_env_build_alias_value=
ac_cv_env_host_alias_set=
ac_cv_env_host_alias_value=
ac_cv_env_target_alias_set=
ac_cv_env_target_alias_value=
ac_cv_exeext=
ac_cv_header_inttypes_h=yes
ac_cv_header_memory_h=yes
ac_cv_header_stdc=yes
ac_cv_header_stdint_h=yes
ac_cv_header_stdio_h_=no
ac_cv_header_stdlib_h=yes
ac_cv_header_string_h=yes
ac_cv_header_string_h_=no
ac_cv_header_strings_h=yes
ac_cv_header_sys_io_h=yes
ac_cv_header_sys_stat_h=yes
ac_cv_header_sys_types_h=yes
ac_cv_header_unistd_h=yes
ac_cv_objext=o
ac_cv_path_install='/usr/bin/install -c'
ac_cv_prog_AWK=mawk
ac_cv_prog_CPP='gcc -E'
ac_cv_prog_ac_ct_CC=gcc
ac_cv_prog_cc_g=yes
ac_cv_prog_make_make_set=yes
am_cv_CC_dependencies_compiler_type=gcc3

## ----------- ##
## confdefs.h. ##
## ----------- ##

#define PACKAGE_NAME "LinuxKeyLogger"
#define PACKAGE_TARNAME "linuxkeylogger"
#define PACKAGE_VERSION "0.0.4"
#define PACKAGE_STRING "LinuxKeyLogger 0.0.4"
#define PACKAGE_BUGREPORT "vl4d@spine-group.org"
#define PACKAGE "LinuxKeyLogger"
#define VERSION "0.0.4"
#define STDC_HEADERS 1
#define HAVE_SYS_TYPES_H 1
#define HAVE_SYS_STAT_H 1
#define HAVE_STDLIB_H 1
#define HAVE_STRING_H 1
#define HAVE_MEMORY_H 1
#define HAVE_STRINGS_H 1
#define HAVE_INTTYPES_H 1
#define HAVE_STDINT_H 1
#define HAVE_UNISTD_H 1
#define HAVE_SYS_IO_H 1

configure: exit 0

## ---------------------- ##
## Running config.status. ##
## ---------------------- ##

This file was extended by LinuxKeyLogger config.status 0.0.4, which was
generated by GNU Autoconf 2.53.  Invocation command line was

  CONFIG_FILES    = 
  CONFIG_HEADERS  = config.h
  CONFIG_LINKS    = 
  CONFIG_COMMANDS = 
  $ ./config.status 

on debian

config.status:702: creating config.h
config.status:809: config.h is unchanged
config.status:910: executing default-1 commands
